-------------------------------------------------------------------------------
Test set: asia.corelogic.dppr.controller.PreferenceControllerTest
-------------------------------------------------------------------------------
Tests run: 2, Failures: 0, Errors: 2, Skipped: 0, Time elapsed: 0.016 s <<< FAILURE! - in asia.corelogic.dppr.controller.PreferenceControllerTest
createUserPreference  Time elapsed: 0.01 s  <<< ERROR!
reactor.core.Exceptions$ReactiveException: io.netty.channel.AbstractChannel$AnnotatedConnectException: Connection refused: localhost/127.0.0.1:8080
	at asia.corelogic.dppr.controller.PreferenceControllerTest.createUserPreference(PreferenceControllerTest.java:54)
Caused by: io.netty.channel.AbstractChannel$AnnotatedConnectException: Connection refused: localhost/127.0.0.1:8080
Caused by: java.net.ConnectException: Connection refused

getPreference  Time elapsed: 0.004 s  <<< ERROR!
reactor.core.Exceptions$ReactiveException: io.netty.channel.AbstractChannel$AnnotatedConnectException: Connection refused: localhost/127.0.0.1:8080
	at asia.corelogic.dppr.controller.PreferenceControllerTest.getPreference(PreferenceControllerTest.java:78)
Caused by: io.netty.channel.AbstractChannel$AnnotatedConnectException: Connection refused: localhost/127.0.0.1:8080
Caused by: java.net.ConnectException: Connection refused

