<?xml version="1.0" encoding="UTF-8"?>
<testsuite xmlns:xsi="http://www.w3.org/2001/XMLSchema-instance" xsi:noNamespaceSchemaLocation="https://maven.apache.org/surefire/maven-surefire-plugin/xsd/surefire-test-report.xsd" name="asia.corelogic.dppr.controller.PreferenceControllerTest" time="0.016" tests="2" errors="2" skipped="0" failures="0">
  <properties>
[...]
</properties>
  <testcase name="createUserPreference" classname="asia.corelogic.dppr.controller.PreferenceControllerTest" time="0.01">
    <error message="io.netty.channel.AbstractChannel$AnnotatedConnectException: Connection refused: localhost/127.0.0.1:8080" type="reactor.core.Exceptions$ReactiveException">reactor.core.Exceptions$ReactiveException: io.netty.channel.AbstractChannel$AnnotatedConnectException: Connection refused: localhost/127.0.0.1:8080
	at asia.corelogic.dppr.controller.PreferenceControllerTest.createUserPreference(PreferenceControllerTest.java:54)
Caused by: io.netty.channel.AbstractChannel$AnnotatedConnectException: Connection refused: localhost/127.0.0.1:8080
Caused by: java.net.ConnectException: Connection refused
</error>
    <system-out><![CDATA[
&amp#27;[36mRequest: POST http://localhost:8080/preferences&amp#27;[0;39m]]></system-out>
  </testcase>
  <testcase name="getPreference" classname="asia.corelogic.dppr.controller.PreferenceControllerTest" time="0.004">
    <error message="io.netty.channel.AbstractChannel$AnnotatedConnectException: Connection refused: localhost/127.0.0.1:8080" type="reactor.core.Exceptions$ReactiveException">reactor.core.Exceptions$ReactiveException: io.netty.channel.AbstractChannel$AnnotatedConnectException: Connection refused: localhost/127.0.0.1:8080
	at asia.corelogic.dppr.controller.PreferenceControllerTest.getPreference(PreferenceControllerTest.java:78)
Caused by: io.netty.channel.AbstractChannel$AnnotatedConnectException: Connection refused: localhost/127.0.0.1:8080
Caused by: java.net.ConnectException: Connection refused
</error>
    <system-out><![CDATA[
&amp#27;[36mRequest: GET http://localhost:8080/preferences/1&amp#27;[0;39m]]></system-out>
  </testcase>
</testsuite>